<?xml version="1.0" encoding="UTF-8"?>
<!-- Generated by org.testng.reporters.JUnitReportReporter -->
<testsuite hostname="Jyotiprakash" failures="0" tests="1" name="com.Ebays.runner.Scenario1stRun" time="19.518" errors="0" timestamp="2024-01-17T17:21:53 IST" skipped="0">
  <testcase classname="com.Ebays.runner.Scenario1stRun" name="runScenario" time="19.518"/>
  <system-out/>
</testsuite> <!-- com.Ebays.runner.Scenario1stRun -->
