<?xml version="1.0" encoding="UTF-8"?>
<!-- Generated by org.testng.reporters.JUnitReportReporter -->
<testsuite hostname="Jyotiprakash" failures="0" tests="1" name="com.RedBus.runner.Run" time="7.711" errors="0" timestamp="2024-01-16T11:48:42 IST" skipped="0">
  <testcase classname="com.RedBus.runner.Run" name="runScenario" time="7.711"/>
  <system-out/>
</testsuite> <!-- com.RedBus.runner.Run -->
