<?xml version="1.0" encoding="UTF-8"?>
<!-- Generated by org.testng.reporters.JUnitReportReporter -->
<testsuite hostname="Jyotiprakash" failures="0" tests="1" name="com.Ebays.runner.Run" time="17.842" errors="0" timestamp="2024-01-17T17:06:09 IST" skipped="0">
  <testcase classname="com.Ebays.runner.Run" name="runScenario" time="17.842"/>
  <system-out/>
</testsuite> <!-- com.Ebays.runner.Run -->
